<?xml version="1.0" encoding="UTF-8"?>
<testsuite name="chessboard.pieces.KnightTest" tests="3" skipped="0" failures="0" errors="0" timestamp="2017-02-20T08:29:20" hostname="fish-HP-Spectre-x360-Convertible-13" time="0.008">
  <properties/>
  <testcase name="validMoves_preventsNonLShapedMoves" classname="chessboard.pieces.KnightTest" time="0.003"/>
  <testcase name="validMoves_allowsLShapedMoves" classname="chessboard.pieces.KnightTest" time="0.002"/>
  <testcase name="validModes_preventsCollisionWithNonEnemies" classname="chessboard.pieces.KnightTest" time="0.001"/>
  <system-out><![CDATA[]]></system-out>
  <system-err><![CDATA[]]></system-err>
</testsuite>
