<?xml version="1.0" encoding="UTF-8"?>
<testsuite name="ai.PositionAnalysisTest" tests="6" skipped="0" failures="0" errors="0" timestamp="2017-02-20T08:29:20" hostname="fish-HP-Spectre-x360-Convertible-13" time="0.087">
  <properties/>
  <testcase name="constructor_valuesPawns" classname="ai.PositionAnalysisTest" time="0.005"/>
  <testcase name="constructor_valuesRooks" classname="ai.PositionAnalysisTest" time="0.003"/>
  <testcase name="constructor_valuesQueens" classname="ai.PositionAnalysisTest" time="0.003"/>
  <testcase name="constructor_valuesKnights" classname="ai.PositionAnalysisTest" time="0.003"/>
  <testcase name="constructor_valuesBishops" classname="ai.PositionAnalysisTest" time="0.003"/>
  <testcase name="constructor_valuesCheckmate" classname="ai.PositionAnalysisTest" time="0.068"/>
  <system-out><![CDATA[]]></system-out>
  <system-err><![CDATA[]]></system-err>
</testsuite>
