<?xml version="1.0" encoding="UTF-8"?>
<testsuite name="chessboard.pieces.PieceTest" tests="20" skipped="0" failures="0" errors="0" timestamp="2017-02-20T03:34:17" hostname="fish-HP-Spectre-x360-Convertible-13" time="0.031">
  <properties/>
  <testcase name="constructor_initializesPosition" classname="chessboard.pieces.PieceTest" time="0.001"/>
  <testcase name="addDirectionalMoves_addsAllMovesInPassedDirection_whenNoBlockersExist" classname="chessboard.pieces.PieceTest" time="0.002"/>
  <testcase name="addDirectionalMoves_doesNotAddCurrentLocation" classname="chessboard.pieces.PieceTest" time="0.001"/>
  <testcase name="addDirectionalMoves_doesNotAddMovesPastBlocker_whenOneExists" classname="chessboard.pieces.PieceTest" time="0.002"/>
  <testcase name="addDirectionalMoves_allowsCollision_whenBlockerIsEnemy" classname="chessboard.pieces.PieceTest" time="0.002"/>
  <testcase name="addDirectionalMoves_preventsCollision_whenBlockerIsNotEnemy" classname="chessboard.pieces.PieceTest" time="0.001"/>
  <testcase name="addIfValid_doesNotAdd_whenTargetOutOfBounds" classname="chessboard.pieces.PieceTest" time="0.001"/>
  <testcase name="addIfValid_doesNotAdd_whenTargetOccupiedByFriend" classname="chessboard.pieces.PieceTest" time="0.001"/>
  <testcase name="addIfValid_addsEmptyTarget_whenPassedEmptyFlag" classname="chessboard.pieces.PieceTest" time="0.001"/>
  <testcase name="addIfValid_doesNotAddEmptyTarget_whenNotPassedEmptyFlag" classname="chessboard.pieces.PieceTest" time="0.001"/>
  <testcase name="addIfValid_addsEnemyTarget_whenPassedEnemyFlag" classname="chessboard.pieces.PieceTest" time="0.0"/>
  <testcase name="addIfValid_doesNotAddEnemyTarget_whenNotPassedEnemyFlag" classname="chessboard.pieces.PieceTest" time="0.0"/>
  <testcase name="hasMoved_returnsFalseInitially" classname="chessboard.pieces.PieceTest" time="0.0"/>
  <testcase name="hasMoved_returnsTrue_afterMoved" classname="chessboard.pieces.PieceTest" time="0.0"/>
  <testcase name="equals_returnsFalse_whenClassesDoNotMatch" classname="chessboard.pieces.PieceTest" time="0.0"/>
  <testcase name="equals_returnsFalse_whenMovedStatusDoesNotMatch" classname="chessboard.pieces.PieceTest" time="0.001"/>
  <testcase name="equals_returnsFalse_whenColorDoesNotMatch" classname="chessboard.pieces.PieceTest" time="0.0"/>
  <testcase name="equals_returnsFalse_whenPositionDoesNotMatch" classname="chessboard.pieces.PieceTest" time="0.004"/>
  <testcase name="equals_returnsTrue_forIdenticalObjects" classname="chessboard.pieces.PieceTest" time="0.0"/>
  <testcase name="constructor_storesPassedColor" classname="chessboard.pieces.PieceTest" time="0.001"/>
  <system-out><![CDATA[]]></system-out>
  <system-err><![CDATA[]]></system-err>
</testsuite>
