<?xml version="1.0" encoding="UTF-8"?>
<testsuite name="ai.MoveSelectorTest" tests="4" skipped="0" failures="0" errors="0" timestamp="2017-02-20T03:34:15" hostname="fish-HP-Spectre-x360-Convertible-13" time="0.389">
  <properties/>
  <testcase name="bestMove_returnsNull_whenNoMovesPossible" classname="ai.MoveSelectorTest" time="0.021"/>
  <testcase name="bestMove_findsForkAttack" classname="ai.MoveSelectorTest" time="0.328"/>
  <testcase name="bestMove_findsCheckmate" classname="ai.MoveSelectorTest" time="0.005"/>
  <testcase name="bestMove_returnsAMove_whenCheckmatePossible" classname="ai.MoveSelectorTest" time="0.035"/>
  <system-out><![CDATA[]]></system-out>
  <system-err><![CDATA[]]></system-err>
</testsuite>
