<?xml version="1.0" encoding="UTF-8"?>
<testsuite name="chessboard.pieces.BishopTest" tests="2" skipped="0" failures="0" errors="0" timestamp="2017-02-20T20:00:56" hostname="fish-HP-Spectre-x360-Convertible-13" time="0.005">
  <properties/>
  <testcase name="validMoves_preventsNonDiagonalMoves" classname="chessboard.pieces.BishopTest" time="0.002"/>
  <testcase name="validMoves_allowsDiagonalMoves" classname="chessboard.pieces.BishopTest" time="0.002"/>
  <system-out><![CDATA[]]></system-out>
  <system-err><![CDATA[]]></system-err>
</testsuite>
