<?xml version="1.0" encoding="UTF-8"?>
<testsuite name="ai.MoveSelectorTest" tests="4" skipped="0" failures="0" errors="0" timestamp="2017-02-20T08:29:18" hostname="fish-HP-Spectre-x360-Convertible-13" time="0.521">
  <properties/>
  <testcase name="bestMove_returnsNull_whenNoMovesPossible" classname="ai.MoveSelectorTest" time="0.032"/>
  <testcase name="bestMove_findsForkAttack" classname="ai.MoveSelectorTest" time="0.452"/>
  <testcase name="bestMove_findsCheckmate" classname="ai.MoveSelectorTest" time="0.006"/>
  <testcase name="bestMove_returnsAMove_whenCheckmatePossible" classname="ai.MoveSelectorTest" time="0.03"/>
  <system-out><![CDATA[]]></system-out>
  <system-err><![CDATA[]]></system-err>
</testsuite>
