<?xml version="1.0" encoding="UTF-8"?>
<testsuite name="chessboard.pieces.RookTest" tests="2" skipped="0" failures="0" errors="0" timestamp="2017-02-20T20:00:56" hostname="fish-HP-Spectre-x360-Convertible-13" time="0.006">
  <properties/>
  <testcase name="validMoves_preventsNonStraightMoves" classname="chessboard.pieces.RookTest" time="0.003"/>
  <testcase name="validMoves_allowsStraightMoves" classname="chessboard.pieces.RookTest" time="0.003"/>
  <system-out><![CDATA[]]></system-out>
  <system-err><![CDATA[]]></system-err>
</testsuite>
