<?xml version="1.0" encoding="UTF-8"?>
<testsuite name="chessboard.pieces.PawnTest" tests="13" skipped="0" failures="0" errors="0" timestamp="2017-02-20T03:34:17" hostname="fish-HP-Spectre-x360-Convertible-13" time="0.066">
  <properties/>
  <testcase name="validMoves_allowsSingleNorthMoves_forWhitePawns" classname="chessboard.pieces.PawnTest" time="0.001"/>
  <testcase name="validMoves_preventsSingleMoveForward_whenBlocked" classname="chessboard.pieces.PawnTest" time="0.001"/>
  <testcase name="validMoves_preventsBackwardMoves" classname="chessboard.pieces.PawnTest" time="0.0"/>
  <testcase name="validMoves_preventsMovesOffColumn_whenNothingToCaptureExists" classname="chessboard.pieces.PawnTest" time="0.0"/>
  <testcase name="validMoves_allowsDiagonalCapture" classname="chessboard.pieces.PawnTest" time="0.001"/>
  <testcase name="validMoves_preventsNonDiagonalCapture" classname="chessboard.pieces.PawnTest" time="0.0"/>
  <testcase name="validMoves_allowsDoubleMoveForward_whenThisHasNotMoved" classname="chessboard.pieces.PawnTest" time="0.001"/>
  <testcase name="validMoves_preventsDoubleMoveForward_whenThisHasMoved" classname="chessboard.pieces.PawnTest" time="0.0"/>
  <testcase name="validMoves_preventsMoveOffBoard" classname="chessboard.pieces.PawnTest" time="0.0"/>
  <testcase name="validMoves_allowsEnPassant" classname="chessboard.pieces.PawnTest" time="0.0"/>
  <testcase name="validMoves_preventsEnPassant_whenTargetLastMoveWasCapture" classname="chessboard.pieces.PawnTest" time="0.0"/>
  <testcase name="validMoves_preventsDoubleMove_whenBlocked" classname="chessboard.pieces.PawnTest" time="0.058"/>
  <testcase name="validMoves_allowsSingleSouthMoves_forBlackPawns" classname="chessboard.pieces.PawnTest" time="0.0"/>
  <system-out><![CDATA[]]></system-out>
  <system-err><![CDATA[]]></system-err>
</testsuite>
