<?xml version="1.0" encoding="UTF-8"?>
<testsuite name="chessboard.pieces.QueenTest" tests="2" skipped="0" failures="0" errors="0" timestamp="2017-02-20T08:29:20" hostname="fish-HP-Spectre-x360-Convertible-13" time="0.007">
  <properties/>
  <testcase name="validMoves_preventsNonLinearMoves" classname="chessboard.pieces.QueenTest" time="0.003"/>
  <testcase name="validMoves_allowsLinearMoves" classname="chessboard.pieces.QueenTest" time="0.003"/>
  <system-out><![CDATA[]]></system-out>
  <system-err><![CDATA[]]></system-err>
</testsuite>
